  main.cpp
C:\Users\yummy hair\AngryBirds\PhysicsProject\main.cpp(170,5): error C2065: 'float32': undeclared identifier
C:\Users\yummy hair\AngryBirds\PhysicsProject\main.cpp(170,13): error C2146: syntax error: missing ';' before identifier 'angle'
C:\Users\yummy hair\AngryBirds\PhysicsProject\main.cpp(170,13): error C2065: 'angle': undeclared identifier
C:\Users\yummy hair\AngryBirds\PhysicsProject\main.cpp(171,5): error C2065: 'float32': undeclared identifier
C:\Users\yummy hair\AngryBirds\PhysicsProject\main.cpp(171,13): error C2146: syntax error: missing ';' before identifier 'speed'
C:\Users\yummy hair\AngryBirds\PhysicsProject\main.cpp(171,13): error C2065: 'speed': undeclared identifier
C:\Users\yummy hair\AngryBirds\PhysicsProject\main.cpp(172,29): error C2065: 'speed': undeclared identifier
C:\Users\yummy hair\AngryBirds\PhysicsProject\main.cpp(172,41): error C2065: 'angle': undeclared identifier
C:\Users\yummy hair\AngryBirds\PhysicsProject\main.cpp(172,49): error C2065: 'speed': undeclared identifier
C:\Users\yummy hair\AngryBirds\PhysicsProject\main.cpp(172,61): error C2065: 'angle': undeclared identifier
C:\Users\yummy hair\AngryBirds\PhysicsProject\main.cpp(180,13): error C2248: 'Projectile::m_body': cannot access private member declared in class 'Projectile'
  C:\Users\yummy hair\AngryBirds\PhysicsProject\main.cpp(46,13):
  see declaration of 'Projectile::m_body'
  C:\Users\yummy hair\AngryBirds\PhysicsProject\main.cpp(38,7):
  see declaration of 'Projectile'
  
C:\Users\yummy hair\AngryBirds\PhysicsProject\main.cpp(180,23): error C2039: 'SetUserData': is not a member of 'b2Body'
  C:\Users\yummy hair\AngryBirds\PhysicsProject\box2d\b2_body.h(128,14):
  see declaration of 'b2Body'
  
C:\Users\yummy hair\AngryBirds\PhysicsProject\main.cpp(191,33): error C2248: 'Projectile::m_body': cannot access private member declared in class 'Projectile'
  C:\Users\yummy hair\AngryBirds\PhysicsProject\main.cpp(46,13):
  see declaration of 'Projectile::m_body'
  C:\Users\yummy hair\AngryBirds\PhysicsProject\main.cpp(38,7):
  see declaration of 'Projectile'
  
C:\Users\yummy hair\AngryBirds\PhysicsProject\main.cpp(191,55): error C2248: 'Projectile::m_body': cannot access private member declared in class 'Projectile'
  C:\Users\yummy hair\AngryBirds\PhysicsProject\main.cpp(46,13):
  see declaration of 'Projectile::m_body'
  C:\Users\yummy hair\AngryBirds\PhysicsProject\main.cpp(38,7):
  see declaration of 'Projectile'
  
C:\Users\yummy hair\AngryBirds\PhysicsProject\main.cpp(237,19): error C2248: 'Enemy::m_body': cannot access private member declared in class 'Enemy'
  C:\Users\yummy hair\AngryBirds\PhysicsProject\main.cpp(74,13):
  see declaration of 'Enemy::m_body'
  C:\Users\yummy hair\AngryBirds\PhysicsProject\main.cpp(66,7):
  see declaration of 'Enemy'
  
C:\Users\yummy hair\AngryBirds\PhysicsProject\main.cpp(237,40): error C2678: binary '!': no operator found which takes a left-hand operand of type 'b2BodyUserData' (or there is no acceptable conversion)
  C:\Users\yummy hair\AngryBirds\PhysicsProject\main.cpp(237,40):
  could be 'built-in C++ operator!(bool)'
  	C:\Users\yummy hair\AngryBirds\PhysicsProject\main.cpp(237,40):
  	'!': cannot convert argument 1 from 'b2BodyUserData' to 'bool'
  C:\Users\yummy hair\AngryBirds\PhysicsProject\main.cpp(237,40):
  while trying to match the argument list '(b2BodyUserData)'
  
C:\Users\yummy hair\AngryBirds\PhysicsProject\main.cpp(237,13): error C2088: built-in operator '!' cannot be applied to an operand of type 'b2BodyUserData'
C:\Users\yummy hair\AngryBirds\PhysicsProject\main.cpp(269,42): error C2102: '&' requires l-value
C:\Users\yummy hair\AngryBirds\PhysicsProject\main.cpp(270,13): error C2039: 'SetPosition': is not a member of 'b2Body'
  C:\Users\yummy hair\AngryBirds\PhysicsProject\box2d\b2_body.h(128,14):
  see declaration of 'b2Body'
  
C:\Users\yummy hair\AngryBirds\PhysicsProject\main.cpp(369,32): error C2678: binary '==': no operator found which takes a left-hand operand of type 'b2BodyUserData' (or there is no acceptable conversion)
  C:\Users\yummy hair\AngryBirds\PhysicsProject\box2d\b2_math.h(451,13):
  could be 'bool operator ==(const b2Vec2 &,const b2Vec2 &)'
  	C:\Users\yummy hair\AngryBirds\PhysicsProject\main.cpp(369,32):
  	'bool operator ==(const b2Vec2 &,const b2Vec2 &)': cannot convert argument 1 from 'b2BodyUserData' to 'const b2Vec2 &'
  		C:\Users\yummy hair\AngryBirds\PhysicsProject\main.cpp(369,32):
  		Reason: cannot convert from 'b2BodyUserData' to 'const b2Vec2'
  		C:\Users\yummy hair\AngryBirds\PhysicsProject\main.cpp(369,32):
  		No user-defined-conversion operator available that can perform this conversion, or the operator cannot be called
  C:\Users\yummy hair\AngryBirds\PhysicsProject\box2d\b2_math.h(451,13):
  or 'bool operator ==(const b2Vec2 &,const b2Vec2 &)' [synthesized expression 'y == x']
  	C:\Users\yummy hair\AngryBirds\PhysicsProject\main.cpp(369,32):
  	'bool operator ==(const b2Vec2 &,const b2Vec2 &)': cannot convert argument 1 from 'void *' to 'const b2Vec2 &'
  		C:\Users\yummy hair\AngryBirds\PhysicsProject\main.cpp(369,45):
  		Reason: cannot convert from 'void *' to 'const b2Vec2'
  		C:\Users\yummy hair\AngryBirds\PhysicsProject\main.cpp(369,45):
  		'b2Vec2::b2Vec2': no overloaded function could convert all the argument types
  			C:\Users\yummy hair\AngryBirds\PhysicsProject\box2d\b2_math.h(129,1):
  			could be 'b2Vec2::b2Vec2(b2Vec2 &&)'
  				C:\Users\yummy hair\AngryBirds\PhysicsProject\main.cpp(369,45):
  				'b2Vec2::b2Vec2(b2Vec2 &&)': cannot convert argument 1 from 'void *' to 'b2Vec2 &&'
  					C:\Users\yummy hair\AngryBirds\PhysicsProject\main.cpp(369,45):
  					Reason: cannot convert from 'void *' to 'b2Vec2'
  					C:\Users\yummy hair\AngryBirds\PhysicsProject\main.cpp(369,45):
  					Conversion requires a second user-defined-conversion operator or constructor
  			C:\Users\yummy hair\AngryBirds\PhysicsProject\box2d\b2_math.h(129,1):
  			or       'b2Vec2::b2Vec2(const b2Vec2 &)'
  				C:\Users\yummy hair\AngryBirds\PhysicsProject\main.cpp(369,45):
  				'b2Vec2::b2Vec2(const b2Vec2 &)': cannot convert argument 1 from 'void *' to 'const b2Vec2 &'
  					C:\Users\yummy hair\AngryBirds\PhysicsProject\main.cpp(369,45):
  					Reason: cannot convert from 'void *' to 'const b2Vec2'
  					C:\Users\yummy hair\AngryBirds\PhysicsProject\main.cpp(369,45):
  					Conversion requires a second user-defined-conversion operator or constructor
  			C:\Users\yummy hair\AngryBirds\PhysicsProject\main.cpp(369,45):
  			while trying to match the argument list '(void *)'
  C:\Users\yummy hair\AngryBirds\PhysicsProject\main.cpp(369,32):
  or       'built-in C++ operator==(void *, void *)'
  	C:\Users\yummy hair\AngryBirds\PhysicsProject\main.cpp(369,32):
  	'==': cannot convert argument 1 from 'b2BodyUserData' to 'void *'
  C:\Users\yummy hair\AngryBirds\PhysicsProject\main.cpp(369,32):
  while trying to match the argument list '(b2BodyUserData, void *)'
  
C:\Users\yummy hair\AngryBirds\PhysicsProject\main.cpp(369,80): error C2678: binary '==': no operator found which takes a left-hand operand of type 'b2BodyUserData' (or there is no acceptable conversion)
  C:\Users\yummy hair\AngryBirds\PhysicsProject\box2d\b2_math.h(451,13):
  could be 'bool operator ==(const b2Vec2 &,const b2Vec2 &)'
  	C:\Users\yummy hair\AngryBirds\PhysicsProject\main.cpp(369,80):
  	'bool operator ==(const b2Vec2 &,const b2Vec2 &)': cannot convert argument 1 from 'b2BodyUserData' to 'const b2Vec2 &'
  		C:\Users\yummy hair\AngryBirds\PhysicsProject\main.cpp(369,80):
  		Reason: cannot convert from 'b2BodyUserData' to 'const b2Vec2'
  		C:\Users\yummy hair\AngryBirds\PhysicsProject\main.cpp(369,80):
  		No user-defined-conversion operator available that can perform this conversion, or the operator cannot be called
  C:\Users\yummy hair\AngryBirds\PhysicsProject\box2d\b2_math.h(451,13):
  or 'bool operator ==(const b2Vec2 &,const b2Vec2 &)' [synthesized expression 'y == x']
  	C:\Users\yummy hair\AngryBirds\PhysicsProject\main.cpp(369,80):
  	'bool operator ==(const b2Vec2 &,const b2Vec2 &)': cannot convert argument 1 from 'void *' to 'const b2Vec2 &'
  		C:\Users\yummy hair\AngryBirds\PhysicsProject\main.cpp(369,93):
  		Reason: cannot convert from 'void *' to 'const b2Vec2'
  		C:\Users\yummy hair\AngryBirds\PhysicsProject\main.cpp(369,93):
  		'b2Vec2::b2Vec2': no overloaded function could convert all the argument types
  			C:\Users\yummy hair\AngryBirds\PhysicsProject\box2d\b2_math.h(129,1):
  			could be 'b2Vec2::b2Vec2(b2Vec2 &&)'
  				C:\Users\yummy hair\AngryBirds\PhysicsProject\main.cpp(369,93):
  				'b2Vec2::b2Vec2(b2Vec2 &&)': cannot convert argument 1 from 'void *' to 'b2Vec2 &&'
  					C:\Users\yummy hair\AngryBirds\PhysicsProject\main.cpp(369,93):
  					Reason: cannot convert from 'void *' to 'b2Vec2'
  					C:\Users\yummy hair\AngryBirds\PhysicsProject\main.cpp(369,93):
  					Conversion requires a second user-defined-conversion operator or constructor
  			C:\Users\yummy hair\AngryBirds\PhysicsProject\box2d\b2_math.h(129,1):
  			or       'b2Vec2::b2Vec2(const b2Vec2 &)'
  				C:\Users\yummy hair\AngryBirds\PhysicsProject\main.cpp(369,93):
  				'b2Vec2::b2Vec2(const b2Vec2 &)': cannot convert argument 1 from 'void *' to 'const b2Vec2 &'
  					C:\Users\yummy hair\AngryBirds\PhysicsProject\main.cpp(369,93):
  					Reason: cannot convert from 'void *' to 'const b2Vec2'
  					C:\Users\yummy hair\AngryBirds\PhysicsProject\main.cpp(369,93):
  					Conversion requires a second user-defined-conversion operator or constructor
  			C:\Users\yummy hair\AngryBirds\PhysicsProject\main.cpp(369,93):
  			while trying to match the argument list '(void *)'
  C:\Users\yummy hair\AngryBirds\PhysicsProject\main.cpp(369,80):
  or       'built-in C++ operator==(void *, void *)'
  	C:\Users\yummy hair\AngryBirds\PhysicsProject\main.cpp(369,80):
  	'==': cannot convert argument 1 from 'b2BodyUserData' to 'void *'
  C:\Users\yummy hair\AngryBirds\PhysicsProject\main.cpp(369,80):
  while trying to match the argument list '(b2BodyUserData, void *)'
  
C:\Users\yummy hair\AngryBirds\PhysicsProject\main.cpp(371,13): error C2065: 'float32': undeclared identifier
C:\Users\yummy hair\AngryBirds\PhysicsProject\main.cpp(371,21): error C2146: syntax error: missing ';' before identifier 'impulse'
C:\Users\yummy hair\AngryBirds\PhysicsProject\main.cpp(371,21): error C2065: 'impulse': undeclared identifier
C:\Users\yummy hair\AngryBirds\PhysicsProject\main.cpp(373,35): error C2678: binary '==': no operator found which takes a left-hand operand of type 'b2BodyUserData' (or there is no acceptable conversion)
  C:\Users\yummy hair\AngryBirds\PhysicsProject\box2d\b2_math.h(451,13):
  could be 'bool operator ==(const b2Vec2 &,const b2Vec2 &)'
  	C:\Users\yummy hair\AngryBirds\PhysicsProject\main.cpp(373,35):
  	'bool operator ==(const b2Vec2 &,const b2Vec2 &)': cannot convert argument 1 from 'b2BodyUserData' to 'const b2Vec2 &'
  		C:\Users\yummy hair\AngryBirds\PhysicsProject\main.cpp(373,35):
  		Reason: cannot convert from 'b2BodyUserData' to 'const b2Vec2'
  		C:\Users\yummy hair\AngryBirds\PhysicsProject\main.cpp(373,35):
  		No user-defined-conversion operator available that can perform this conversion, or the operator cannot be called
  C:\Users\yummy hair\AngryBirds\PhysicsProject\box2d\b2_math.h(451,13):
  or 'bool operator ==(const b2Vec2 &,const b2Vec2 &)' [synthesized expression 'y == x']
  	C:\Users\yummy hair\AngryBirds\PhysicsProject\main.cpp(373,35):
  	'bool operator ==(const b2Vec2 &,const b2Vec2 &)': cannot convert argument 1 from 'void *' to 'const b2Vec2 &'
  		C:\Users\yummy hair\AngryBirds\PhysicsProject\main.cpp(373,48):
  		Reason: cannot convert from 'void *' to 'const b2Vec2'
  		C:\Users\yummy hair\AngryBirds\PhysicsProject\main.cpp(373,48):
  		'b2Vec2::b2Vec2': no overloaded function could convert all the argument types
  			C:\Users\yummy hair\AngryBirds\PhysicsProject\box2d\b2_math.h(129,1):
  			could be 'b2Vec2::b2Vec2(b2Vec2 &&)'
  				C:\Users\yummy hair\AngryBirds\PhysicsProject\main.cpp(373,48):
  				'b2Vec2::b2Vec2(b2Vec2 &&)': cannot convert argument 1 from 'void *' to 'b2Vec2 &&'
  					C:\Users\yummy hair\AngryBirds\PhysicsProject\main.cpp(373,48):
  					Reason: cannot convert from 'void *' to 'b2Vec2'
  					C:\Users\yummy hair\AngryBirds\PhysicsProject\main.cpp(373,48):
  					Conversion requires a second user-defined-conversion operator or constructor
  			C:\Users\yummy hair\AngryBirds\PhysicsProject\box2d\b2_math.h(129,1):
  			or       'b2Vec2::b2Vec2(const b2Vec2 &)'
  				C:\Users\yummy hair\AngryBirds\PhysicsProject\main.cpp(373,48):
  				'b2Vec2::b2Vec2(const b2Vec2 &)': cannot convert argument 1 from 'void *' to 'const b2Vec2 &'
  					C:\Users\yummy hair\AngryBirds\PhysicsProject\main.cpp(373,48):
  					Reason: cannot convert from 'void *' to 'const b2Vec2'
  					C:\Users\yummy hair\AngryBirds\PhysicsProject\main.cpp(373,48):
  					Conversion requires a second user-defined-conversion operator or constructor
  			C:\Users\yummy hair\AngryBirds\PhysicsProject\main.cpp(373,48):
  			while trying to match the argument list '(void *)'
  C:\Users\yummy hair\AngryBirds\PhysicsProject\main.cpp(373,35):
  or       'built-in C++ operator==(void *, void *)'
  	C:\Users\yummy hair\AngryBirds\PhysicsProject\main.cpp(373,35):
  	'==': cannot convert argument 1 from 'b2BodyUserData' to 'void *'
  C:\Users\yummy hair\AngryBirds\PhysicsProject\main.cpp(373,35):
  while trying to match the argument list '(b2BodyUserData, void *)'
  
C:\Users\yummy hair\AngryBirds\PhysicsProject\main.cpp(374,50): error C2065: 'impulse': undeclared identifier
C:\Users\yummy hair\AngryBirds\PhysicsProject\main.cpp(374,59): error C2065: 'impulse': undeclared identifier
C:\Users\yummy hair\AngryBirds\PhysicsProject\main.cpp(375,51): error C2065: 'impulse': undeclared identifier
C:\Users\yummy hair\AngryBirds\PhysicsProject\main.cpp(375,61): error C2065: 'impulse': undeclared identifier
C:\Users\yummy hair\AngryBirds\PhysicsProject\main.cpp(378,51): error C2065: 'impulse': undeclared identifier
C:\Users\yummy hair\AngryBirds\PhysicsProject\main.cpp(378,61): error C2065: 'impulse': undeclared identifier
C:\Users\yummy hair\AngryBirds\PhysicsProject\main.cpp(379,50): error C2065: 'impulse': undeclared identifier
C:\Users\yummy hair\AngryBirds\PhysicsProject\main.cpp(379,59): error C2065: 'impulse': undeclared identifier
C:\Users\yummy hair\AngryBirds\PhysicsProject\main.cpp(383,35): error C2678: binary '!=': no operator found which takes a left-hand operand of type 'nullptr' (or there is no acceptable conversion)
  C:\Users\yummy hair\AngryBirds\PhysicsProject\box2d\b2_math.h(456,13):
  could be 'bool operator !=(const b2Vec2 &,const b2Vec2 &)'
  	C:\Users\yummy hair\AngryBirds\PhysicsProject\main.cpp(383,35):
  	'bool operator !=(const b2Vec2 &,const b2Vec2 &)': cannot convert argument 1 from 'b2BodyUserData' to 'const b2Vec2 &'
  		C:\Users\yummy hair\AngryBirds\PhysicsProject\main.cpp(383,35):
  		Reason: cannot convert from 'b2BodyUserData' to 'const b2Vec2'
  		C:\Users\yummy hair\AngryBirds\PhysicsProject\main.cpp(383,35):
  		No user-defined-conversion operator available that can perform this conversion, or the operator cannot be called
  C:\Users\yummy hair\AngryBirds\PhysicsProject\box2d\b2_math.h(451,13):
  or 'bool operator ==(const b2Vec2 &,const b2Vec2 &)' [rewritten expression '!(x == y)']
  	C:\Users\yummy hair\AngryBirds\PhysicsProject\main.cpp(383,35):
  	'bool operator ==(const b2Vec2 &,const b2Vec2 &)': cannot convert argument 1 from 'b2BodyUserData' to 'const b2Vec2 &'
  		C:\Users\yummy hair\AngryBirds\PhysicsProject\main.cpp(383,35):
  		Reason: cannot convert from 'b2BodyUserData' to 'const b2Vec2'
  		C:\Users\yummy hair\AngryBirds\PhysicsProject\main.cpp(383,35):
  		No user-defined-conversion operator available that can perform this conversion, or the operator cannot be called
  C:\Users\yummy hair\AngryBirds\PhysicsProject\box2d\b2_math.h(451,13):
  or 'bool operator ==(const b2Vec2 &,const b2Vec2 &)' [synthesized expression '!(y == x)']
  	C:\Users\yummy hair\AngryBirds\PhysicsProject\main.cpp(383,35):
  	'bool operator ==(const b2Vec2 &,const b2Vec2 &)': cannot convert argument 1 from 'nullptr' to 'const b2Vec2 &'
  		C:\Users\yummy hair\AngryBirds\PhysicsProject\main.cpp(383,41):
  		Reason: cannot convert from 'nullptr' to 'const b2Vec2'
  		C:\Users\yummy hair\AngryBirds\PhysicsProject\main.cpp(383,41):
  		'b2Vec2::b2Vec2': no overloaded function could convert all the argument types
  			C:\Users\yummy hair\AngryBirds\PhysicsProject\box2d\b2_math.h(129,1):
  			could be 'b2Vec2::b2Vec2(b2Vec2 &&)'
  				C:\Users\yummy hair\AngryBirds\PhysicsProject\main.cpp(383,41):
  				'b2Vec2::b2Vec2(b2Vec2 &&)': cannot convert argument 1 from 'nullptr' to 'b2Vec2 &&'
  					C:\Users\yummy hair\AngryBirds\PhysicsProject\main.cpp(383,41):
  					Reason: cannot convert from 'nullptr' to 'b2Vec2'
  					C:\Users\yummy hair\AngryBirds\PhysicsProject\main.cpp(383,41):
  					Conversion requires a second user-defined-conversion operator or constructor
  			C:\Users\yummy hair\AngryBirds\PhysicsProject\box2d\b2_math.h(129,1):
  			or       'b2Vec2::b2Vec2(const b2Vec2 &)'
  				C:\Users\yummy hair\AngryBirds\PhysicsProject\main.cpp(383,41):
  				'b2Vec2::b2Vec2(const b2Vec2 &)': cannot convert argument 1 from 'nullptr' to 'const b2Vec2 &'
  					C:\Users\yummy hair\AngryBirds\PhysicsProject\main.cpp(383,41):
  					Reason: cannot convert from 'nullptr' to 'const b2Vec2'
  					C:\Users\yummy hair\AngryBirds\PhysicsProject\main.cpp(383,41):
  					Conversion requires a second user-defined-conversion operator or constructor
  			C:\Users\yummy hair\AngryBirds\PhysicsProject\main.cpp(383,41):
  			while trying to match the argument list '(nullptr)'
  C:\Users\yummy hair\AngryBirds\PhysicsProject\main.cpp(383,35):
  while trying to match the argument list '(b2BodyUserData, nullptr)'
  
C:\Users\yummy hair\AngryBirds\PhysicsProject\main.cpp(383,70): error C2678: binary '!=': no operator found which takes a left-hand operand of type 'b2BodyUserData' (or there is no acceptable conversion)
  C:\Users\yummy hair\AngryBirds\PhysicsProject\box2d\b2_math.h(456,13):
  could be 'bool operator !=(const b2Vec2 &,const b2Vec2 &)'
  	C:\Users\yummy hair\AngryBirds\PhysicsProject\main.cpp(383,70):
  	'bool operator !=(const b2Vec2 &,const b2Vec2 &)': cannot convert argument 1 from 'b2BodyUserData' to 'const b2Vec2 &'
  		C:\Users\yummy hair\AngryBirds\PhysicsProject\main.cpp(383,70):
  		Reason: cannot convert from 'b2BodyUserData' to 'const b2Vec2'
  		C:\Users\yummy hair\AngryBirds\PhysicsProject\main.cpp(383,70):
  		No user-defined-conversion operator available that can perform this conversion, or the operator cannot be called
  C:\Users\yummy hair\AngryBirds\PhysicsProject\box2d\b2_math.h(451,13):
  or 'bool operator ==(const b2Vec2 &,const b2Vec2 &)' [rewritten expression '!(x == y)']
  	C:\Users\yummy hair\AngryBirds\PhysicsProject\main.cpp(383,70):
  	'bool operator ==(const b2Vec2 &,const b2Vec2 &)': cannot convert argument 1 from 'b2BodyUserData' to 'const b2Vec2 &'
  		C:\Users\yummy hair\AngryBirds\PhysicsProject\main.cpp(383,70):
  		Reason: cannot convert from 'b2BodyUserData' to 'const b2Vec2'
  		C:\Users\yummy hair\AngryBirds\PhysicsProject\main.cpp(383,70):
  		No user-defined-conversion operator available that can perform this conversion, or the operator cannot be called
  C:\Users\yummy hair\AngryBirds\PhysicsProject\box2d\b2_math.h(451,13):
  or 'bool operator ==(const b2Vec2 &,const b2Vec2 &)' [synthesized expression '!(y == x)']
  	C:\Users\yummy hair\AngryBirds\PhysicsProject\main.cpp(383,70):
  	'bool operator ==(const b2Vec2 &,const b2Vec2 &)': cannot convert argument 1 from 'void *' to 'const b2Vec2 &'
  		C:\Users\yummy hair\AngryBirds\PhysicsProject\main.cpp(383,83):
  		Reason: cannot convert from 'void *' to 'const b2Vec2'
  		C:\Users\yummy hair\AngryBirds\PhysicsProject\main.cpp(383,83):
  		'b2Vec2::b2Vec2': no overloaded function could convert all the argument types
  			C:\Users\yummy hair\AngryBirds\PhysicsProject\box2d\b2_math.h(129,1):
  			could be 'b2Vec2::b2Vec2(b2Vec2 &&)'
  				C:\Users\yummy hair\AngryBirds\PhysicsProject\main.cpp(383,83):
  				'b2Vec2::b2Vec2(b2Vec2 &&)': cannot convert argument 1 from 'void *' to 'b2Vec2 &&'
  					C:\Users\yummy hair\AngryBirds\PhysicsProject\main.cpp(383,83):
  					Reason: cannot convert from 'void *' to 'b2Vec2'
  					C:\Users\yummy hair\AngryBirds\PhysicsProject\main.cpp(383,83):
  					Conversion requires a second user-defined-conversion operator or constructor
  			C:\Users\yummy hair\AngryBirds\PhysicsProject\box2d\b2_math.h(129,1):
  			or       'b2Vec2::b2Vec2(const b2Vec2 &)'
  				C:\Users\yummy hair\AngryBirds\PhysicsProject\main.cpp(383,83):
  				'b2Vec2::b2Vec2(const b2Vec2 &)': cannot convert argument 1 from 'void *' to 'const b2Vec2 &'
  					C:\Users\yummy hair\AngryBirds\PhysicsProject\main.cpp(383,83):
  					Reason: cannot convert from 'void *' to 'const b2Vec2'
  					C:\Users\yummy hair\AngryBirds\PhysicsProject\main.cpp(383,83):
  					Conversion requires a second user-defined-conversion operator or constructor
  			C:\Users\yummy hair\AngryBirds\PhysicsProject\main.cpp(383,83):
  			while trying to match the argument list '(void *)'
  C:\Users\yummy hair\AngryBirds\PhysicsProject\main.cpp(383,70):
  or       'built-in C++ operator!=(void *, void *)'
  	C:\Users\yummy hair\AngryBirds\PhysicsProject\main.cpp(383,70):
  	'!=': cannot convert argument 1 from 'b2BodyUserData' to 'void *'
  C:\Users\yummy hair\AngryBirds\PhysicsProject\main.cpp(383,70):
  while trying to match the argument list '(b2BodyUserData, void *)'
  
C:\Users\yummy hair\AngryBirds\PhysicsProject\main.cpp(384,24): error C2039: 'SetUserData': is not a member of 'b2Body'
  C:\Users\yummy hair\AngryBirds\PhysicsProject\box2d\b2_body.h(128,14):
  see declaration of 'b2Body'
  
C:\Users\yummy hair\AngryBirds\PhysicsProject\main.cpp(386,35): error C2678: binary '!=': no operator found which takes a left-hand operand of type 'nullptr' (or there is no acceptable conversion)
  C:\Users\yummy hair\AngryBirds\PhysicsProject\box2d\b2_math.h(456,13):
  could be 'bool operator !=(const b2Vec2 &,const b2Vec2 &)'
  	C:\Users\yummy hair\AngryBirds\PhysicsProject\main.cpp(386,35):
  	'bool operator !=(const b2Vec2 &,const b2Vec2 &)': cannot convert argument 1 from 'b2BodyUserData' to 'const b2Vec2 &'
  		C:\Users\yummy hair\AngryBirds\PhysicsProject\main.cpp(386,35):
  		Reason: cannot convert from 'b2BodyUserData' to 'const b2Vec2'
  		C:\Users\yummy hair\AngryBirds\PhysicsProject\main.cpp(386,35):
  		No user-defined-conversion operator available that can perform this conversion, or the operator cannot be called
  C:\Users\yummy hair\AngryBirds\PhysicsProject\box2d\b2_math.h(451,13):
  or 'bool operator ==(const b2Vec2 &,const b2Vec2 &)' [rewritten expression '!(x == y)']
  	C:\Users\yummy hair\AngryBirds\PhysicsProject\main.cpp(386,35):
  	'bool operator ==(const b2Vec2 &,const b2Vec2 &)': cannot convert argument 1 from 'b2BodyUserData' to 'const b2Vec2 &'
  		C:\Users\yummy hair\AngryBirds\PhysicsProject\main.cpp(386,35):
  		Reason: cannot convert from 'b2BodyUserData' to 'const b2Vec2'
  		C:\Users\yummy hair\AngryBirds\PhysicsProject\main.cpp(386,35):
  		No user-defined-conversion operator available that can perform this conversion, or the operator cannot be called
  C:\Users\yummy hair\AngryBirds\PhysicsProject\box2d\b2_math.h(451,13):
  or 'bool operator ==(const b2Vec2 &,const b2Vec2 &)' [synthesized expression '!(y == x)']
  	C:\Users\yummy hair\AngryBirds\PhysicsProject\main.cpp(386,35):
  	'bool operator ==(const b2Vec2 &,const b2Vec2 &)': cannot convert argument 1 from 'nullptr' to 'const b2Vec2 &'
  		C:\Users\yummy hair\AngryBirds\PhysicsProject\main.cpp(386,41):
  		Reason: cannot convert from 'nullptr' to 'const b2Vec2'
  		C:\Users\yummy hair\AngryBirds\PhysicsProject\main.cpp(386,41):
  		'b2Vec2::b2Vec2': no overloaded function could convert all the argument types
  			C:\Users\yummy hair\AngryBirds\PhysicsProject\box2d\b2_math.h(129,1):
  			could be 'b2Vec2::b2Vec2(b2Vec2 &&)'
  				C:\Users\yummy hair\AngryBirds\PhysicsProject\main.cpp(386,41):
  				'b2Vec2::b2Vec2(b2Vec2 &&)': cannot convert argument 1 from 'nullptr' to 'b2Vec2 &&'
  					C:\Users\yummy hair\AngryBirds\PhysicsProject\main.cpp(386,41):
  					Reason: cannot convert from 'nullptr' to 'b2Vec2'
  					C:\Users\yummy hair\AngryBirds\PhysicsProject\main.cpp(386,41):
  					Conversion requires a second user-defined-conversion operator or constructor
  			C:\Users\yummy hair\AngryBirds\PhysicsProject\box2d\b2_math.h(129,1):
  			or       'b2Vec2::b2Vec2(const b2Vec2 &)'
  				C:\Users\yummy hair\AngryBirds\PhysicsProject\main.cpp(386,41):
  				'b2Vec2::b2Vec2(const b2Vec2 &)': cannot convert argument 1 from 'nullptr' to 'const b2Vec2 &'
  					C:\Users\yummy hair\AngryBirds\PhysicsProject\main.cpp(386,41):
  					Reason: cannot convert from 'nullptr' to 'const b2Vec2'
  					C:\Users\yummy hair\AngryBirds\PhysicsProject\main.cpp(386,41):
  					Conversion requires a second user-defined-conversion operator or constructor
  			C:\Users\yummy hair\AngryBirds\PhysicsProject\main.cpp(386,41):
  			while trying to match the argument list '(nullptr)'
  C:\Users\yummy hair\AngryBirds\PhysicsProject\main.cpp(386,35):
  while trying to match the argument list '(b2BodyUserData, nullptr)'
  
C:\Users\yummy hair\AngryBirds\PhysicsProject\main.cpp(386,70): error C2678: binary '!=': no operator found which takes a left-hand operand of type 'b2BodyUserData' (or there is no acceptable conversion)
  C:\Users\yummy hair\AngryBirds\PhysicsProject\box2d\b2_math.h(456,13):
  could be 'bool operator !=(const b2Vec2 &,const b2Vec2 &)'
  	C:\Users\yummy hair\AngryBirds\PhysicsProject\main.cpp(386,70):
  	'bool operator !=(const b2Vec2 &,const b2Vec2 &)': cannot convert argument 1 from 'b2BodyUserData' to 'const b2Vec2 &'
  		C:\Users\yummy hair\AngryBirds\PhysicsProject\main.cpp(386,70):
  		Reason: cannot convert from 'b2BodyUserData' to 'const b2Vec2'
  		C:\Users\yummy hair\AngryBirds\PhysicsProject\main.cpp(386,70):
  		No user-defined-conversion operator available that can perform this conversion, or the operator cannot be called
  C:\Users\yummy hair\AngryBirds\PhysicsProject\box2d\b2_math.h(451,13):
  or 'bool operator ==(const b2Vec2 &,const b2Vec2 &)' [rewritten expression '!(x == y)']
  	C:\Users\yummy hair\AngryBirds\PhysicsProject\main.cpp(386,70):
  	'bool operator ==(const b2Vec2 &,const b2Vec2 &)': cannot convert argument 1 from 'b2BodyUserData' to 'const b2Vec2 &'
  		C:\Users\yummy hair\AngryBirds\PhysicsProject\main.cpp(386,70):
  		Reason: cannot convert from 'b2BodyUserData' to 'const b2Vec2'
  		C:\Users\yummy hair\AngryBirds\PhysicsProject\main.cpp(386,70):
  		No user-defined-conversion operator available that can perform this conversion, or the operator cannot be called
  C:\Users\yummy hair\AngryBirds\PhysicsProject\box2d\b2_math.h(451,13):
  or 'bool operator ==(const b2Vec2 &,const b2Vec2 &)' [synthesized expression '!(y == x)']
  	C:\Users\yummy hair\AngryBirds\PhysicsProject\main.cpp(386,70):
  	'bool operator ==(const b2Vec2 &,const b2Vec2 &)': cannot convert argument 1 from 'void *' to 'const b2Vec2 &'
  		C:\Users\yummy hair\AngryBirds\PhysicsProject\main.cpp(386,83):
  		Reason: cannot convert from 'void *' to 'const b2Vec2'
  		C:\Users\yummy hair\AngryBirds\PhysicsProject\main.cpp(386,83):
  		'b2Vec2::b2Vec2': no overloaded function could convert all the argument types
  			C:\Users\yummy hair\AngryBirds\PhysicsProject\box2d\b2_math.h(129,1):
  			could be 'b2Vec2::b2Vec2(b2Vec2 &&)'
  				C:\Users\yummy hair\AngryBirds\PhysicsProject\main.cpp(386,83):
  				'b2Vec2::b2Vec2(b2Vec2 &&)': cannot convert argument 1 from 'void *' to 'b2Vec2 &&'
  					C:\Users\yummy hair\AngryBirds\PhysicsProject\main.cpp(386,83):
  					Reason: cannot convert from 'void *' to 'b2Vec2'
  					C:\Users\yummy hair\AngryBirds\PhysicsProject\main.cpp(386,83):
  					Conversion requires a second user-defined-conversion operator or constructor
  			C:\Users\yummy hair\AngryBirds\PhysicsProject\box2d\b2_math.h(129,1):
  			or       'b2Vec2::b2Vec2(const b2Vec2 &)'
  				C:\Users\yummy hair\AngryBirds\PhysicsProject\main.cpp(386,83):
  				'b2Vec2::b2Vec2(const b2Vec2 &)': cannot convert argument 1 from 'void *' to 'const b2Vec2 &'
  					C:\Users\yummy hair\AngryBirds\PhysicsProject\main.cpp(386,83):
  					Reason: cannot convert from 'void *' to 'const b2Vec2'
  					C:\Users\yummy hair\AngryBirds\PhysicsProject\main.cpp(386,83):
  					Conversion requires a second user-defined-conversion operator or constructor
  			C:\Users\yummy hair\AngryBirds\PhysicsProject\main.cpp(386,83):
  			while trying to match the argument list '(void *)'
  C:\Users\yummy hair\AngryBirds\PhysicsProject\main.cpp(386,70):
  or       'built-in C++ operator!=(void *, void *)'
  	C:\Users\yummy hair\AngryBirds\PhysicsProject\main.cpp(386,70):
  	'!=': cannot convert argument 1 from 'b2BodyUserData' to 'void *'
  C:\Users\yummy hair\AngryBirds\PhysicsProject\main.cpp(386,70):
  while trying to match the argument list '(b2BodyUserData, void *)'
  
C:\Users\yummy hair\AngryBirds\PhysicsProject\main.cpp(387,24): error C2039: 'SetUserData': is not a member of 'b2Body'
  C:\Users\yummy hair\AngryBirds\PhysicsProject\box2d\b2_body.h(128,14):
  see declaration of 'b2Body'
  
C:\Users\yummy hair\AngryBirds\PhysicsProject\main.cpp(392,31): error C2678: binary '!=': no operator found which takes a left-hand operand of type 'nullptr' (or there is no acceptable conversion)
  C:\Users\yummy hair\AngryBirds\PhysicsProject\box2d\b2_math.h(456,13):
  could be 'bool operator !=(const b2Vec2 &,const b2Vec2 &)'
  	C:\Users\yummy hair\AngryBirds\PhysicsProject\main.cpp(392,31):
  	'bool operator !=(const b2Vec2 &,const b2Vec2 &)': cannot convert argument 1 from 'b2BodyUserData' to 'const b2Vec2 &'
  		C:\Users\yummy hair\AngryBirds\PhysicsProject\main.cpp(392,31):
  		Reason: cannot convert from 'b2BodyUserData' to 'const b2Vec2'
  		C:\Users\yummy hair\AngryBirds\PhysicsProject\main.cpp(392,31):
  		No user-defined-conversion operator available that can perform this conversion, or the operator cannot be called
  C:\Users\yummy hair\AngryBirds\PhysicsProject\box2d\b2_math.h(451,13):
  or 'bool operator ==(const b2Vec2 &,const b2Vec2 &)' [rewritten expression '!(x == y)']
  	C:\Users\yummy hair\AngryBirds\PhysicsProject\main.cpp(392,31):
  	'bool operator ==(const b2Vec2 &,const b2Vec2 &)': cannot convert argument 1 from 'b2BodyUserData' to 'const b2Vec2 &'
  		C:\Users\yummy hair\AngryBirds\PhysicsProject\main.cpp(392,31):
  		Reason: cannot convert from 'b2BodyUserData' to 'const b2Vec2'
  		C:\Users\yummy hair\AngryBirds\PhysicsProject\main.cpp(392,31):
  		No user-defined-conversion operator available that can perform this conversion, or the operator cannot be called
  C:\Users\yummy hair\AngryBirds\PhysicsProject\box2d\b2_math.h(451,13):
  or 'bool operator ==(const b2Vec2 &,const b2Vec2 &)' [synthesized expression '!(y == x)']
  	C:\Users\yummy hair\AngryBirds\PhysicsProject\main.cpp(392,31):
  	'bool operator ==(const b2Vec2 &,const b2Vec2 &)': cannot convert argument 1 from 'nullptr' to 'const b2Vec2 &'
  		C:\Users\yummy hair\AngryBirds\PhysicsProject\main.cpp(392,37):
  		Reason: cannot convert from 'nullptr' to 'const b2Vec2'
  		C:\Users\yummy hair\AngryBirds\PhysicsProject\main.cpp(392,37):
  		'b2Vec2::b2Vec2': no overloaded function could convert all the argument types
  			C:\Users\yummy hair\AngryBirds\PhysicsProject\box2d\b2_math.h(129,1):
  			could be 'b2Vec2::b2Vec2(b2Vec2 &&)'
  				C:\Users\yummy hair\AngryBirds\PhysicsProject\main.cpp(392,37):
  				'b2Vec2::b2Vec2(b2Vec2 &&)': cannot convert argument 1 from 'nullptr' to 'b2Vec2 &&'
  					C:\Users\yummy hair\AngryBirds\PhysicsProject\main.cpp(392,37):
  					Reason: cannot convert from 'nullptr' to 'b2Vec2'
  					C:\Users\yummy hair\AngryBirds\PhysicsProject\main.cpp(392,37):
  					Conversion requires a second user-defined-conversion operator or constructor
  			C:\Users\yummy hair\AngryBirds\PhysicsProject\box2d\b2_math.h(129,1):
  			or       'b2Vec2::b2Vec2(const b2Vec2 &)'
  				C:\Users\yummy hair\AngryBirds\PhysicsProject\main.cpp(392,37):
  				'b2Vec2::b2Vec2(const b2Vec2 &)': cannot convert argument 1 from 'nullptr' to 'const b2Vec2 &'
  					C:\Users\yummy hair\AngryBirds\PhysicsProject\main.cpp(392,37):
  					Reason: cannot convert from 'nullptr' to 'const b2Vec2'
  					C:\Users\yummy hair\AngryBirds\PhysicsProject\main.cpp(392,37):
  					Conversion requires a second user-defined-conversion operator or constructor
  			C:\Users\yummy hair\AngryBirds\PhysicsProject\main.cpp(392,37):
  			while trying to match the argument list '(nullptr)'
  C:\Users\yummy hair\AngryBirds\PhysicsProject\main.cpp(392,31):
  while trying to match the argument list '(b2BodyUserData, nullptr)'
  
C:\Users\yummy hair\AngryBirds\PhysicsProject\main.cpp(392,66): error C2678: binary '==': no operator found which takes a left-hand operand of type 'nullptr' (or there is no acceptable conversion)
  C:\Users\yummy hair\AngryBirds\PhysicsProject\box2d\b2_math.h(451,13):
  could be 'bool operator ==(const b2Vec2 &,const b2Vec2 &)'
  	C:\Users\yummy hair\AngryBirds\PhysicsProject\main.cpp(392,66):
  	'bool operator ==(const b2Vec2 &,const b2Vec2 &)': cannot convert argument 1 from 'b2BodyUserData' to 'const b2Vec2 &'
  		C:\Users\yummy hair\AngryBirds\PhysicsProject\main.cpp(392,66):
  		Reason: cannot convert from 'b2BodyUserData' to 'const b2Vec2'
  		C:\Users\yummy hair\AngryBirds\PhysicsProject\main.cpp(392,66):
  		No user-defined-conversion operator available that can perform this conversion, or the operator cannot be called
  C:\Users\yummy hair\AngryBirds\PhysicsProject\box2d\b2_math.h(451,13):
  or 'bool operator ==(const b2Vec2 &,const b2Vec2 &)' [synthesized expression 'y == x']
  	C:\Users\yummy hair\AngryBirds\PhysicsProject\main.cpp(392,66):
  	'bool operator ==(const b2Vec2 &,const b2Vec2 &)': cannot convert argument 1 from 'nullptr' to 'const b2Vec2 &'
  		C:\Users\yummy hair\AngryBirds\PhysicsProject\main.cpp(392,72):
  		Reason: cannot convert from 'nullptr' to 'const b2Vec2'
  		C:\Users\yummy hair\AngryBirds\PhysicsProject\main.cpp(392,72):
  		'b2Vec2::b2Vec2': no overloaded function could convert all the argument types
  			C:\Users\yummy hair\AngryBirds\PhysicsProject\box2d\b2_math.h(129,1):
  			could be 'b2Vec2::b2Vec2(b2Vec2 &&)'
  				C:\Users\yummy hair\AngryBirds\PhysicsProject\main.cpp(392,72):
  				'b2Vec2::b2Vec2(b2Vec2 &&)': cannot convert argument 1 from 'nullptr' to 'b2Vec2 &&'
  					C:\Users\yummy hair\AngryBirds\PhysicsProject\main.cpp(392,72):
  					Reason: cannot convert from 'nullptr' to 'b2Vec2'
  					C:\Users\yummy hair\AngryBirds\PhysicsProject\main.cpp(392,72):
  					Conversion requires a second user-defined-conversion operator or constructor
  			C:\Users\yummy hair\AngryBirds\PhysicsProject\box2d\b2_math.h(129,1):
  			or       'b2Vec2::b2Vec2(const b2Vec2 &)'
  				C:\Users\yummy hair\AngryBirds\PhysicsProject\main.cpp(392,72):
  				'b2Vec2::b2Vec2(const b2Vec2 &)': cannot convert argument 1 from 'nullptr' to 'const b2Vec2 &'
  					C:\Users\yummy hair\AngryBirds\PhysicsProject\main.cpp(392,72):
  					Reason: cannot convert from 'nullptr' to 'const b2Vec2'
  					C:\Users\yummy hair\AngryBirds\PhysicsProject\main.cpp(392,72):
  					Conversion requires a second user-defined-conversion operator or constructor
  			C:\Users\yummy hair\AngryBirds\PhysicsProject\main.cpp(392,72):
  			while trying to match the argument list '(nullptr)'
  C:\Users\yummy hair\AngryBirds\PhysicsProject\main.cpp(392,66):
  while trying to match the argument list '(b2BodyUserData, nullptr)'
  
C:\Users\yummy hair\AngryBirds\PhysicsProject\main.cpp(393,20): error C2039: 'SetUserData': is not a member of 'b2Body'
  C:\Users\yummy hair\AngryBirds\PhysicsProject\box2d\b2_body.h(128,14):
  see declaration of 'b2Body'
  
C:\Users\yummy hair\AngryBirds\PhysicsProject\main.cpp(395,31): error C2678: binary '!=': no operator found which takes a left-hand operand of type 'nullptr' (or there is no acceptable conversion)
  C:\Users\yummy hair\AngryBirds\PhysicsProject\box2d\b2_math.h(456,13):
  could be 'bool operator !=(const b2Vec2 &,const b2Vec2 &)'
  	C:\Users\yummy hair\AngryBirds\PhysicsProject\main.cpp(395,31):
  	'bool operator !=(const b2Vec2 &,const b2Vec2 &)': cannot convert argument 1 from 'b2BodyUserData' to 'const b2Vec2 &'
  		C:\Users\yummy hair\AngryBirds\PhysicsProject\main.cpp(395,31):
  		Reason: cannot convert from 'b2BodyUserData' to 'const b2Vec2'
  		C:\Users\yummy hair\AngryBirds\PhysicsProject\main.cpp(395,31):
  		No user-defined-conversion operator available that can perform this conversion, or the operator cannot be called
  C:\Users\yummy hair\AngryBirds\PhysicsProject\box2d\b2_math.h(451,13):
  or 'bool operator ==(const b2Vec2 &,const b2Vec2 &)' [rewritten expression '!(x == y)']
  	C:\Users\yummy hair\AngryBirds\PhysicsProject\main.cpp(395,31):
  	'bool operator ==(const b2Vec2 &,const b2Vec2 &)': cannot convert argument 1 from 'b2BodyUserData' to 'const b2Vec2 &'
  		C:\Users\yummy hair\AngryBirds\PhysicsProject\main.cpp(395,31):
  		Reason: cannot convert from 'b2BodyUserData' to 'const b2Vec2'
  		C:\Users\yummy hair\AngryBirds\PhysicsProject\main.cpp(395,31):
  		No user-defined-conversion operator available that can perform this conversion, or the operator cannot be called
  C:\Users\yummy hair\AngryBirds\PhysicsProject\box2d\b2_math.h(451,13):
  or 'bool operator ==(const b2Vec2 &,const b2Vec2 &)' [synthesized expression '!(y == x)']
  	C:\Users\yummy hair\AngryBirds\PhysicsProject\main.cpp(395,31):
  	'bool operator ==(const b2Vec2 &,const b2Vec2 &)': cannot convert argument 1 from 'nullptr' to 'const b2Vec2 &'
  		C:\Users\yummy hair\AngryBirds\PhysicsProject\main.cpp(395,37):
  		Reason: cannot convert from 'nullptr' to 'const b2Vec2'
  		C:\Users\yummy hair\AngryBirds\PhysicsProject\main.cpp(395,37):
  		'b2Vec2::b2Vec2': no overloaded function could convert all the argument types
  			C:\Users\yummy hair\AngryBirds\PhysicsProject\box2d\b2_math.h(129,1):
  			could be 'b2Vec2::b2Vec2(b2Vec2 &&)'
  				C:\Users\yummy hair\AngryBirds\PhysicsProject\main.cpp(395,37):
  				'b2Vec2::b2Vec2(b2Vec2 &&)': cannot convert argument 1 from 'nullptr' to 'b2Vec2 &&'
  					C:\Users\yummy hair\AngryBirds\PhysicsProject\main.cpp(395,37):
  					Reason: cannot convert from 'nullptr' to 'b2Vec2'
  					C:\Users\yummy hair\AngryBirds\PhysicsProject\main.cpp(395,37):
  					Conversion requires a second user-defined-conversion operator or constructor
  			C:\Users\yummy hair\AngryBirds\PhysicsProject\box2d\b2_math.h(129,1):
  			or       'b2Vec2::b2Vec2(const b2Vec2 &)'
  				C:\Users\yummy hair\AngryBirds\PhysicsProject\main.cpp(395,37):
  				'b2Vec2::b2Vec2(const b2Vec2 &)': cannot convert argument 1 from 'nullptr' to 'const b2Vec2 &'
  					C:\Users\yummy hair\AngryBirds\PhysicsProject\main.cpp(395,37):
  					Reason: cannot convert from 'nullptr' to 'const b2Vec2'
  					C:\Users\yummy hair\AngryBirds\PhysicsProject\main.cpp(395,37):
  					Conversion requires a second user-defined-conversion operator or constructor
  			C:\Users\yummy hair\AngryBirds\PhysicsProject\main.cpp(395,37):
  			while trying to match the argument list '(nullptr)'
  C:\Users\yummy hair\AngryBirds\PhysicsProject\main.cpp(395,31):
  while trying to match the argument list '(b2BodyUserData, nullptr)'
  
C:\Users\yummy hair\AngryBirds\PhysicsProject\main.cpp(395,66): error C2678: binary '==': no operator found which takes a left-hand operand of type 'nullptr' (or there is no acceptable conversion)
  C:\Users\yummy hair\AngryBirds\PhysicsProject\box2d\b2_math.h(451,13):
  could be 'bool operator ==(const b2Vec2 &,const b2Vec2 &)'
  	C:\Users\yummy hair\AngryBirds\PhysicsProject\main.cpp(395,66):
  	'bool operator ==(const b2Vec2 &,const b2Vec2 &)': cannot convert argument 1 from 'b2BodyUserData' to 'const b2Vec2 &'
  		C:\Users\yummy hair\AngryBirds\PhysicsProject\main.cpp(395,66):
  		Reason: cannot convert from 'b2BodyUserData' to 'const b2Vec2'
  		C:\Users\yummy hair\AngryBirds\PhysicsProject\main.cpp(395,66):
  		No user-defined-conversion operator available that can perform this conversion, or the operator cannot be called
  C:\Users\yummy hair\AngryBirds\PhysicsProject\box2d\b2_math.h(451,13):
  or 'bool operator ==(const b2Vec2 &,const b2Vec2 &)' [synthesized expression 'y == x']
  	C:\Users\yummy hair\AngryBirds\PhysicsProject\main.cpp(395,66):
  	'bool operator ==(const b2Vec2 &,const b2Vec2 &)': cannot convert argument 1 from 'nullptr' to 'const b2Vec2 &'
  		C:\Users\yummy hair\AngryBirds\PhysicsProject\main.cpp(395,72):
  		Reason: cannot convert from 'nullptr' to 'const b2Vec2'
  		C:\Users\yummy hair\AngryBirds\PhysicsProject\main.cpp(395,72):
  		'b2Vec2::b2Vec2': no overloaded function could convert all the argument types
  			C:\Users\yummy hair\AngryBirds\PhysicsProject\box2d\b2_math.h(129,1):
  			could be 'b2Vec2::b2Vec2(b2Vec2 &&)'
  				C:\Users\yummy hair\AngryBirds\PhysicsProject\main.cpp(395,72):
  				'b2Vec2::b2Vec2(b2Vec2 &&)': cannot convert argument 1 from 'nullptr' to 'b2Vec2 &&'
  					C:\Users\yummy hair\AngryBirds\PhysicsProject\main.cpp(395,72):
  					Reason: cannot convert from 'nullptr' to 'b2Vec2'
  					C:\Users\yummy hair\AngryBirds\PhysicsProject\main.cpp(395,72):
  					Conversion requires a second user-defined-conversion operator or constructor
  			C:\Users\yummy hair\AngryBirds\PhysicsProject\box2d\b2_math.h(129,1):
  			or       'b2Vec2::b2Vec2(const b2Vec2 &)'
  				C:\Users\yummy hair\AngryBirds\PhysicsProject\main.cpp(395,72):
  				'b2Vec2::b2Vec2(const b2Vec2 &)': cannot convert argument 1 from 'nullptr' to 'const b2Vec2 &'
  					C:\Users\yummy hair\AngryBirds\PhysicsProject\main.cpp(395,72):
  					Reason: cannot convert from 'nullptr' to 'const b2Vec2'
  					C:\Users\yummy hair\AngryBirds\PhysicsProject\main.cpp(395,72):
  					Conversion requires a second user-defined-conversion operator or constructor
  			C:\Users\yummy hair\AngryBirds\PhysicsProject\main.cpp(395,72):
  			while trying to match the argument list '(nullptr)'
  C:\Users\yummy hair\AngryBirds\PhysicsProject\main.cpp(395,66):
  while trying to match the argument list '(b2BodyUserData, nullptr)'
  
C:\Users\yummy hair\AngryBirds\PhysicsProject\main.cpp(396,20): error C2039: 'SetUserData': is not a member of 'b2Body'
  C:\Users\yummy hair\AngryBirds\PhysicsProject\box2d\b2_body.h(128,14):
  see declaration of 'b2Body'
  
C:\Users\yummy hair\AngryBirds\PhysicsProject\main.cpp(404,9): error C2248: 'Game::m_world': cannot access private member declared in class 'Game'
  C:\Users\yummy hair\AngryBirds\PhysicsProject\main.cpp(28,13):
  see declaration of 'Game::m_world'
  C:\Users\yummy hair\AngryBirds\PhysicsProject\main.cpp(15,7):
  see declaration of 'Game'
  
